{"/home/dev_mode/dev/projects/undercity/frontend/src/services/analytics.ts": {"path":"/home/dev_mode/dev/projects/undercity/frontend/src/services/analytics.ts","statementMap":{"0":{"start":{"line":10,"column":21},"end":{"line":10,"column":null}},"1":{"start":{"line":11,"column":22},"end":{"line":12,"column":null}},"2":{"start":{"line":14,"column":18},"end":{"line":14,"column":null}},"3":{"start":{"line":18,"column":2},"end":{"line":18,"column":null}},"4":{"start":{"line":18,"column":35},"end":{"line":18,"column":null}},"5":{"start":{"line":20,"column":2},"end":{"line":34,"column":null}},"6":{"start":{"line":30,"column":6},"end":{"line":30,"column":null}},"7":{"start":{"line":31,"column":6},"end":{"line":31,"column":null}},"8":{"start":{"line":32,"column":6},"end":{"line":32,"column":null}},"9":{"start":{"line":36,"column":2},"end":{"line":36,"column":null}},"10":{"start":{"line":38,"column":2},"end":{"line":40,"column":null}},"11":{"start":{"line":39,"column":4},"end":{"line":39,"column":null}},"12":{"start":{"line":45,"column":2},"end":{"line":45,"column":null}},"13":{"start":{"line":45,"column":20},"end":{"line":45,"column":null}},"14":{"start":{"line":46,"column":2},"end":{"line":46,"column":null}},"15":{"start":{"line":54,"column":2},"end":{"line":54,"column":null}},"16":{"start":{"line":54,"column":20},"end":{"line":54,"column":null}},"17":{"start":{"line":55,"column":2},"end":{"line":55,"column":null}},"18":{"start":{"line":62,"column":2},"end":{"line":62,"column":null}},"19":{"start":{"line":71,"column":2},"end":{"line":71,"column":null}},"20":{"start":{"line":71,"column":20},"end":{"line":71,"column":null}},"21":{"start":{"line":73,"column":2},"end":{"line":73,"column":null}},"22":{"start":{"line":78,"column":2},"end":{"line":78,"column":null}},"23":{"start":{"line":78,"column":20},"end":{"line":78,"column":null}},"24":{"start":{"line":79,"column":2},"end":{"line":79,"column":null}},"25":{"start":{"line":83,"column":2},"end":{"line":83,"column":null}},"26":{"start":{"line":83,"column":20},"end":{"line":83,"column":null}},"27":{"start":{"line":84,"column":2},"end":{"line":84,"column":null}},"28":{"start":{"line":88,"column":2},"end":{"line":88,"column":null}},"29":{"start":{"line":88,"column":20},"end":{"line":88,"column":null}},"30":{"start":{"line":89,"column":2},"end":{"line":89,"column":null}}},"fnMap":{"0":{"name":"initAnalytics","decl":{"start":{"line":17,"column":16},"end":{"line":17,"column":30}},"loc":{"start":{"line":17,"column":62},"end":{"line":41,"column":null}},"line":17},"1":{"name":"(anonymous_1)","decl":{"start":{"line":28,"column":4},"end":{"line":28,"column":32}},"loc":{"start":{"line":28,"column":42},"end":{"line":33,"column":null}},"line":28},"2":{"name":"trackPageView","decl":{"start":{"line":44,"column":16},"end":{"line":44,"column":30}},"loc":{"start":{"line":44,"column":50},"end":{"line":47,"column":null}},"line":44},"3":{"name":"trackEvent","decl":{"start":{"line":50,"column":16},"end":{"line":50,"column":null}},"loc":{"start":{"line":53,"column":8},"end":{"line":56,"column":null}},"line":53},"4":{"name":"trackGameAction","decl":{"start":{"line":58,"column":16},"end":{"line":58,"column":null}},"loc":{"start":{"line":61,"column":8},"end":{"line":63,"column":null}},"line":61},"5":{"name":"identifyUser","decl":{"start":{"line":67,"column":16},"end":{"line":67,"column":null}},"loc":{"start":{"line":70,"column":8},"end":{"line":74,"column":null}},"line":70},"6":{"name":"resetAnalytics","decl":{"start":{"line":77,"column":16},"end":{"line":77,"column":39}},"loc":{"start":{"line":77,"column":39},"end":{"line":80,"column":null}},"line":77},"7":{"name":"optOutAnalytics","decl":{"start":{"line":82,"column":16},"end":{"line":82,"column":40}},"loc":{"start":{"line":82,"column":40},"end":{"line":85,"column":null}},"line":82},"8":{"name":"optInAnalytics","decl":{"start":{"line":87,"column":16},"end":{"line":87,"column":39}},"loc":{"start":{"line":87,"column":39},"end":{"line":90,"column":null}},"line":87}},"branchMap":{"0":{"loc":{"start":{"line":11,"column":22},"end":{"line":12,"column":null}},"type":"binary-expr","locations":[{"start":{"line":11,"column":22},"end":{"line":11,"column":null}},{"start":{"line":12,"column":5},"end":{"line":12,"column":null}}],"line":11},"1":{"loc":{"start":{"line":18,"column":2},"end":{"line":18,"column":null}},"type":"if","locations":[{"start":{"line":18,"column":2},"end":{"line":18,"column":null}},{"start":{},"end":{}}],"line":18},"2":{"loc":{"start":{"line":18,"column":6},"end":{"line":18,"column":35}},"type":"binary-expr","locations":[{"start":{"line":18,"column":6},"end":{"line":18,"column":22}},{"start":{"line":18,"column":22},"end":{"line":18,"column":35}}],"line":18},"3":{"loc":{"start":{"line":24,"column":31},"end":{"line":24,"column":null}},"type":"cond-expr","locations":[{"start":{"line":24,"column":49},"end":{"line":24,"column":73}},{"start":{"line":24,"column":73},"end":{"line":24,"column":null}}],"line":24},"4":{"loc":{"start":{"line":38,"column":2},"end":{"line":40,"column":null}},"type":"if","locations":[{"start":{"line":38,"column":2},"end":{"line":40,"column":null}},{"start":{},"end":{}}],"line":38},"5":{"loc":{"start":{"line":45,"column":2},"end":{"line":45,"column":null}},"type":"if","locations":[{"start":{"line":45,"column":2},"end":{"line":45,"column":null}},{"start":{},"end":{}}],"line":45},"6":{"loc":{"start":{"line":54,"column":2},"end":{"line":54,"column":null}},"type":"if","locations":[{"start":{"line":54,"column":2},"end":{"line":54,"column":null}},{"start":{},"end":{}}],"line":54},"7":{"loc":{"start":{"line":71,"column":2},"end":{"line":71,"column":null}},"type":"if","locations":[{"start":{"line":71,"column":2},"end":{"line":71,"column":null}},{"start":{},"end":{}}],"line":71},"8":{"loc":{"start":{"line":78,"column":2},"end":{"line":78,"column":null}},"type":"if","locations":[{"start":{"line":78,"column":2},"end":{"line":78,"column":null}},{"start":{},"end":{}}],"line":78},"9":{"loc":{"start":{"line":83,"column":2},"end":{"line":83,"column":null}},"type":"if","locations":[{"start":{"line":83,"column":2},"end":{"line":83,"column":null}},{"start":{},"end":{}}],"line":83},"10":{"loc":{"start":{"line":88,"column":2},"end":{"line":88,"column":null}},"type":"if","locations":[{"start":{"line":88,"column":2},"end":{"line":88,"column":null}},{"start":{},"end":{}}],"line":88}},"s":{"0":1,"1":1,"2":1,"3":2,"4":1,"5":1,"6":0,"7":0,"8":0,"9":2,"10":2,"11":0,"12":1,"13":0,"14":1,"15":4,"16":0,"17":4,"18":2,"19":2,"20":0,"21":2,"22":1,"23":0,"24":1,"25":1,"26":0,"27":1,"28":1,"29":0,"30":1},"f":{"0":2,"1":0,"2":1,"3":4,"4":2,"5":2,"6":1,"7":1,"8":1},"b":{"0":[1,0],"1":[1,1],"2":[2,2],"3":[1,0],"4":[0,2],"5":[0,1],"6":[0,4],"7":[0,2],"8":[0,1],"9":[0,1],"10":[0,1]},"meta":{"lastBranch":11,"lastFunction":9,"lastStatement":31,"seen":{"s:10:21:10:Infinity":0,"s:11:22:12:Infinity":1,"b:11:22:11:Infinity:12:5:12:Infinity":0,"s:14:18:14:Infinity":2,"f:17:16:17:30":0,"b:18:2:18:Infinity:undefined:undefined:undefined:undefined":1,"s:18:2:18:Infinity":3,"b:18:6:18:22:18:22:18:35":2,"s:18:35:18:Infinity":4,"s:20:2:34:Infinity":5,"b:24:49:24:73:24:73:24:Infinity":3,"f:28:4:28:32":1,"s:30:6:30:Infinity":6,"s:31:6:31:Infinity":7,"s:32:6:32:Infinity":8,"s:36:2:36:Infinity":9,"b:38:2:40:Infinity:undefined:undefined:undefined:undefined":4,"s:38:2:40:Infinity":10,"s:39:4:39:Infinity":11,"f:44:16:44:30":2,"b:45:2:45:Infinity:undefined:undefined:undefined:undefined":5,"s:45:2:45:Infinity":12,"s:45:20:45:Infinity":13,"s:46:2:46:Infinity":14,"f:50:16:50:Infinity":3,"b:54:2:54:Infinity:undefined:undefined:undefined:undefined":6,"s:54:2:54:Infinity":15,"s:54:20:54:Infinity":16,"s:55:2:55:Infinity":17,"f:58:16:58:Infinity":4,"s:62:2:62:Infinity":18,"f:67:16:67:Infinity":5,"b:71:2:71:Infinity:undefined:undefined:undefined:undefined":7,"s:71:2:71:Infinity":19,"s:71:20:71:Infinity":20,"s:73:2:73:Infinity":21,"f:77:16:77:39":6,"b:78:2:78:Infinity:undefined:undefined:undefined:undefined":8,"s:78:2:78:Infinity":22,"s:78:20:78:Infinity":23,"s:79:2:79:Infinity":24,"f:82:16:82:40":7,"b:83:2:83:Infinity:undefined:undefined:undefined:undefined":9,"s:83:2:83:Infinity":25,"s:83:20:83:Infinity":26,"s:84:2:84:Infinity":27,"f:87:16:87:39":8,"b:88:2:88:Infinity:undefined:undefined:undefined:undefined":10,"s:88:2:88:Infinity":28,"s:88:20:88:Infinity":29,"s:89:2:89:Infinity":30}}}
,"/home/dev_mode/dev/projects/undercity/frontend/src/services/stats.ts": {"path":"/home/dev_mode/dev/projects/undercity/frontend/src/services/stats.ts","statementMap":{"0":{"start":{"line":13,"column":21},"end":{"line":13,"column":null}},"1":{"start":{"line":19,"column":30},"end":{"line":26,"column":null}},"2":{"start":{"line":29,"column":2},"end":{"line":46,"column":null}},"3":{"start":{"line":30,"column":16},"end":{"line":32,"column":null}},"4":{"start":{"line":33,"column":4},"end":{"line":43,"column":null}},"5":{"start":{"line":34,"column":19},"end":{"line":34,"column":null}},"6":{"start":{"line":35,"column":6},"end":{"line":42,"column":null}},"7":{"start":{"line":47,"column":2},"end":{"line":47,"column":null}}},"fnMap":{"0":{"name":"getLiveStats","decl":{"start":{"line":28,"column":22},"end":{"line":28,"column":57}},"loc":{"start":{"line":28,"column":57},"end":{"line":48,"column":null}},"line":28}},"branchMap":{"0":{"loc":{"start":{"line":13,"column":21},"end":{"line":13,"column":null}},"type":"binary-expr","locations":[{"start":{"line":13,"column":21},"end":{"line":13,"column":53}},{"start":{"line":13,"column":53},"end":{"line":13,"column":null}}],"line":13},"1":{"loc":{"start":{"line":33,"column":4},"end":{"line":43,"column":null}},"type":"if","locations":[{"start":{"line":33,"column":4},"end":{"line":43,"column":null}},{"start":{},"end":{}}],"line":33},"2":{"loc":{"start":{"line":36,"column":21},"end":{"line":36,"column":null}},"type":"binary-expr","locations":[{"start":{"line":36,"column":21},"end":{"line":36,"column":41}},{"start":{"line":36,"column":41},"end":{"line":36,"column":null}}],"line":36},"3":{"loc":{"start":{"line":37,"column":21},"end":{"line":37,"column":null}},"type":"binary-expr","locations":[{"start":{"line":37,"column":21},"end":{"line":37,"column":41}},{"start":{"line":37,"column":41},"end":{"line":37,"column":null}}],"line":37},"4":{"loc":{"start":{"line":38,"column":21},"end":{"line":38,"column":null}},"type":"binary-expr","locations":[{"start":{"line":38,"column":21},"end":{"line":38,"column":41}},{"start":{"line":38,"column":41},"end":{"line":38,"column":null}}],"line":38},"5":{"loc":{"start":{"line":39,"column":21},"end":{"line":39,"column":null}},"type":"binary-expr","locations":[{"start":{"line":39,"column":21},"end":{"line":39,"column":41}},{"start":{"line":39,"column":41},"end":{"line":39,"column":null}}],"line":39},"6":{"loc":{"start":{"line":40,"column":21},"end":{"line":40,"column":null}},"type":"binary-expr","locations":[{"start":{"line":40,"column":21},"end":{"line":40,"column":41}},{"start":{"line":40,"column":41},"end":{"line":40,"column":null}}],"line":40},"7":{"loc":{"start":{"line":41,"column":21},"end":{"line":41,"column":null}},"type":"binary-expr","locations":[{"start":{"line":41,"column":21},"end":{"line":41,"column":41}},{"start":{"line":41,"column":41},"end":{"line":41,"column":null}}],"line":41}},"s":{"0":1,"1":1,"2":6,"3":6,"4":4,"5":3,"6":3,"7":3},"f":{"0":6},"b":{"0":[1,0],"1":[3,1],"2":[3,1],"3":[3,2],"4":[3,2],"5":[3,2],"6":[3,2],"7":[3,2]},"meta":{"lastBranch":8,"lastFunction":1,"lastStatement":8,"seen":{"s:13:21:13:Infinity":0,"b:13:21:13:53:13:53:13:Infinity":0,"s:19:30:26:Infinity":1,"f:28:22:28:57":0,"s:29:2:46:Infinity":2,"s:30:16:32:Infinity":3,"b:33:4:43:Infinity:undefined:undefined:undefined:undefined":1,"s:33:4:43:Infinity":4,"s:34:19:34:Infinity":5,"s:35:6:42:Infinity":6,"b:36:21:36:41:36:41:36:Infinity":2,"b:37:21:37:41:37:41:37:Infinity":3,"b:38:21:38:41:38:41:38:Infinity":4,"b:39:21:39:41:39:41:39:Infinity":5,"b:40:21:40:41:40:41:40:Infinity":6,"b:41:21:41:41:41:41:41:Infinity":7,"s:47:2:47:Infinity":7}}}
,"/home/dev_mode/dev/projects/undercity/frontend/src/utils/ageVerification.ts": {"path":"/home/dev_mode/dev/projects/undercity/frontend/src/utils/ageVerification.ts","statementMap":{"0":{"start":{"line":6,"column":16},"end":{"line":6,"column":null}},"1":{"start":{"line":9,"column":2},"end":{"line":10,"column":null}},"2":{"start":{"line":9,"column":8},"end":{"line":9,"column":57}},"3":{"start":{"line":10,"column":10},"end":{"line":10,"column":24}},"4":{"start":{"line":14,"column":2},"end":{"line":15,"column":null}},"5":{"start":{"line":14,"column":8},"end":{"line":14,"column":47}}},"fnMap":{"0":{"name":"isAgeVerified","decl":{"start":{"line":8,"column":16},"end":{"line":8,"column":41}},"loc":{"start":{"line":8,"column":41},"end":{"line":11,"column":null}},"line":8},"1":{"name":"setAgeVerified","decl":{"start":{"line":13,"column":16},"end":{"line":13,"column":39}},"loc":{"start":{"line":13,"column":39},"end":{"line":16,"column":null}},"line":13}},"branchMap":{},"s":{"0":1,"1":8,"2":8,"3":0,"4":4,"5":4},"f":{"0":8,"1":4},"b":{},"meta":{"lastBranch":0,"lastFunction":2,"lastStatement":6,"seen":{"s:6:16:6:Infinity":0,"f:8:16:8:41":0,"s:9:2:10:Infinity":1,"s:9:8:9:57":2,"s:10:10:10:24":3,"f:13:16:13:39":1,"s:14:2:15:Infinity":4,"s:14:8:14:47":5}}}
,"/home/dev_mode/dev/projects/undercity/frontend/src/utils/apiError.ts": {"path":"/home/dev_mode/dev/projects/undercity/frontend/src/utils/apiError.ts","statementMap":{"0":{"start":{"line":18,"column":4},"end":{"line":18,"column":null}},"1":{"start":{"line":19,"column":4},"end":{"line":19,"column":null}},"2":{"start":{"line":20,"column":4},"end":{"line":20,"column":null}},"3":{"start":{"line":21,"column":4},"end":{"line":21,"column":null}},"4":{"start":{"line":22,"column":4},"end":{"line":22,"column":null}},"5":{"start":{"line":25,"column":28},"end":{"line":25,"column":60}},"6":{"start":{"line":26,"column":28},"end":{"line":26,"column":60}},"7":{"start":{"line":27,"column":28},"end":{"line":27,"column":60}},"8":{"start":{"line":28,"column":28},"end":{"line":28,"column":60}},"9":{"start":{"line":29,"column":28},"end":{"line":29,"column":69}}},"fnMap":{"0":{"name":"constructor","decl":{"start":{"line":12,"column":2},"end":{"line":12,"column":null}},"loc":{"start":{"line":17,"column":4},"end":{"line":23,"column":null}},"line":17},"1":{"name":"isJailError","decl":{"start":{"line":25,"column":6},"end":{"line":25,"column":26}},"loc":{"start":{"line":25,"column":26},"end":{"line":25,"column":null}},"line":25},"2":{"name":"isRateLimited","decl":{"start":{"line":26,"column":6},"end":{"line":26,"column":26}},"loc":{"start":{"line":26,"column":26},"end":{"line":26,"column":null}},"line":26},"3":{"name":"isUnauthorized","decl":{"start":{"line":27,"column":6},"end":{"line":27,"column":26}},"loc":{"start":{"line":27,"column":26},"end":{"line":27,"column":null}},"line":27},"4":{"name":"isBanned","decl":{"start":{"line":28,"column":6},"end":{"line":28,"column":26}},"loc":{"start":{"line":28,"column":26},"end":{"line":28,"column":null}},"line":28},"5":{"name":"isValidationError","decl":{"start":{"line":29,"column":6},"end":{"line":29,"column":26}},"loc":{"start":{"line":29,"column":26},"end":{"line":29,"column":null}},"line":29}},"branchMap":{},"s":{"0":8,"1":8,"2":8,"3":8,"4":8,"5":1,"6":1,"7":1,"8":1,"9":1},"f":{"0":8,"1":1,"2":1,"3":1,"4":1,"5":1},"b":{},"meta":{"lastBranch":0,"lastFunction":6,"lastStatement":10,"seen":{"f:12:2:12:Infinity":0,"s:18:4:18:Infinity":0,"s:19:4:19:Infinity":1,"s:20:4:20:Infinity":2,"s:21:4:21:Infinity":3,"s:22:4:22:Infinity":4,"f:25:6:25:26":1,"s:25:28:25:60":5,"f:26:6:26:26":2,"s:26:28:26:60":6,"f:27:6:27:26":3,"s:27:28:27:60":7,"f:28:6:28:26":4,"s:28:28:28:60":8,"f:29:6:29:26":5,"s:29:28:29:69":9}}}
,"/home/dev_mode/dev/projects/undercity/frontend/src/utils/cookieConsent.ts": {"path":"/home/dev_mode/dev/projects/undercity/frontend/src/utils/cookieConsent.ts","statementMap":{"0":{"start":{"line":14,"column":20},"end":{"line":14,"column":null}},"1":{"start":{"line":17,"column":2},"end":{"line":20,"column":null}},"2":{"start":{"line":18,"column":14},"end":{"line":18,"column":null}},"3":{"start":{"line":19,"column":4},"end":{"line":19,"column":null}},"4":{"start":{"line":20,"column":12},"end":{"line":20,"column":25}},"5":{"start":{"line":24,"column":32},"end":{"line":30,"column":null}},"6":{"start":{"line":31,"column":2},"end":{"line":33,"column":null}},"7":{"start":{"line":32,"column":4},"end":{"line":32,"column":null}}},"fnMap":{"0":{"name":"getCookieConsent","decl":{"start":{"line":16,"column":16},"end":{"line":16,"column":56}},"loc":{"start":{"line":16,"column":56},"end":{"line":21,"column":null}},"line":16},"1":{"name":"setCookieConsent","decl":{"start":{"line":23,"column":16},"end":{"line":23,"column":33}},"loc":{"start":{"line":23,"column":80},"end":{"line":34,"column":null}},"line":23}},"branchMap":{"0":{"loc":{"start":{"line":19,"column":11},"end":{"line":19,"column":null}},"type":"cond-expr","locations":[{"start":{"line":19,"column":16},"end":{"line":19,"column":49}},{"start":{"line":19,"column":49},"end":{"line":19,"column":null}}],"line":19}},"s":{"0":1,"1":11,"2":11,"3":11,"4":1,"5":8,"6":8,"7":8},"f":{"0":11,"1":8},"b":{"0":[10,1]},"meta":{"lastBranch":1,"lastFunction":2,"lastStatement":8,"seen":{"s:14:20:14:Infinity":0,"f:16:16:16:56":0,"s:17:2:20:Infinity":1,"s:18:14:18:Infinity":2,"s:19:4:19:Infinity":3,"b:19:16:19:49:19:49:19:Infinity":0,"s:20:12:20:25":4,"f:23:16:23:33":1,"s:24:32:30:Infinity":5,"s:31:2:33:Infinity":6,"s:32:4:32:Infinity":7}}}
,"/home/dev_mode/dev/projects/undercity/frontend/src/utils/firebaseErrors.ts": {"path":"/home/dev_mode/dev/projects/undercity/frontend/src/utils/firebaseErrors.ts","statementMap":{"0":{"start":{"line":12,"column":2},"end":{"line":12,"column":null}},"1":{"start":{"line":15,"column":42},"end":{"line":27,"column":null}},"2":{"start":{"line":30,"column":2},"end":{"line":30,"column":null}},"3":{"start":{"line":30,"column":29},"end":{"line":30,"column":null}},"4":{"start":{"line":32,"column":18},"end":{"line":32,"column":null}},"5":{"start":{"line":33,"column":18},"end":{"line":33,"column":null}},"6":{"start":{"line":35,"column":2},"end":{"line":35,"column":null}},"7":{"start":{"line":35,"column":23},"end":{"line":35,"column":null}},"8":{"start":{"line":37,"column":2},"end":{"line":37,"column":null}}},"fnMap":{"0":{"name":"isFirebaseError","decl":{"start":{"line":11,"column":9},"end":{"line":11,"column":25}},"loc":{"start":{"line":11,"column":61},"end":{"line":13,"column":null}},"line":11},"1":{"name":"getFriendlyError","decl":{"start":{"line":29,"column":16},"end":{"line":29,"column":33}},"loc":{"start":{"line":29,"column":55},"end":{"line":38,"column":null}},"line":29}},"branchMap":{"0":{"loc":{"start":{"line":12,"column":9},"end":{"line":12,"column":null}},"type":"binary-expr","locations":[{"start":{"line":12,"column":9},"end":{"line":12,"column":36}},{"start":{"line":12,"column":36},"end":{"line":12,"column":null}}],"line":12},"1":{"loc":{"start":{"line":30,"column":2},"end":{"line":30,"column":null}},"type":"if","locations":[{"start":{"line":30,"column":2},"end":{"line":30,"column":null}},{"start":{},"end":{}}],"line":30},"2":{"loc":{"start":{"line":32,"column":18},"end":{"line":32,"column":null}},"type":"binary-expr","locations":[{"start":{"line":32,"column":18},"end":{"line":32,"column":33}},{"start":{"line":32,"column":33},"end":{"line":32,"column":null}}],"line":32},"3":{"loc":{"start":{"line":33,"column":18},"end":{"line":33,"column":null}},"type":"binary-expr","locations":[{"start":{"line":33,"column":18},"end":{"line":33,"column":33}},{"start":{"line":33,"column":33},"end":{"line":33,"column":null}}],"line":33},"4":{"loc":{"start":{"line":35,"column":2},"end":{"line":35,"column":null}},"type":"if","locations":[{"start":{"line":35,"column":2},"end":{"line":35,"column":null}},{"start":{},"end":{}}],"line":35}},"s":{"0":9,"1":1,"2":9,"3":3,"4":6,"5":9,"6":9,"7":4,"8":2},"f":{"0":9,"1":9},"b":{"0":[9,7],"1":[3,6],"2":[6,1],"3":[9,4],"4":[4,5]},"meta":{"lastBranch":5,"lastFunction":2,"lastStatement":9,"seen":{"f:11:9:11:25":0,"s:12:2:12:Infinity":0,"b:12:9:12:36:12:36:12:Infinity":0,"s:15:42:27:Infinity":1,"f:29:16:29:33":1,"b:30:2:30:Infinity:undefined:undefined:undefined:undefined":1,"s:30:2:30:Infinity":2,"s:30:29:30:Infinity":3,"s:32:18:32:Infinity":4,"b:32:18:32:33:32:33:32:Infinity":2,"s:33:18:33:Infinity":5,"b:33:18:33:33:33:33:33:Infinity":3,"b:35:2:35:Infinity:undefined:undefined:undefined:undefined":4,"s:35:2:35:Infinity":6,"s:35:23:35:Infinity":7,"s:37:2:37:Infinity":8}}}
,"/home/dev_mode/dev/projects/undercity/frontend/src/utils/integrityCheck.ts": {"path":"/home/dev_mode/dev/projects/undercity/frontend/src/utils/integrityCheck.ts","statementMap":{"0":{"start":{"line":20,"column":26},"end":{"line":20,"column":null}},"1":{"start":{"line":21,"column":26},"end":{"line":21,"column":null}},"2":{"start":{"line":25,"column":4},"end":{"line":26,"column":null}},"3":{"start":{"line":30,"column":2},"end":{"line":30,"column":null}},"4":{"start":{"line":38,"column":2},"end":{"line":44,"column":null}},"5":{"start":{"line":40,"column":23},"end":{"line":40,"column":null}},"6":{"start":{"line":41,"column":4},"end":{"line":41,"column":null}},"7":{"start":{"line":43,"column":4},"end":{"line":43,"column":null}},"8":{"start":{"line":52,"column":14},"end":{"line":52,"column":null}},"9":{"start":{"line":54,"column":26},"end":{"line":81,"column":null}},"10":{"start":{"line":83,"column":2},"end":{"line":85,"column":null}},"11":{"start":{"line":84,"column":14},"end":{"line":84,"column":null}},"12":{"start":{"line":93,"column":2},"end":{"line":93,"column":null}},"13":{"start":{"line":101,"column":19},"end":{"line":101,"column":null}},"14":{"start":{"line":104,"column":2},"end":{"line":104,"column":null}},"15":{"start":{"line":108,"column":2},"end":{"line":108,"column":null}},"16":{"start":{"line":108,"column":26},"end":{"line":108,"column":null}},"17":{"start":{"line":109,"column":18},"end":{"line":109,"column":null}},"18":{"start":{"line":111,"column":2},"end":{"line":111,"column":null}},"19":{"start":{"line":119,"column":13},"end":{"line":119,"column":null}},"20":{"start":{"line":122,"column":2},"end":{"line":122,"column":null}},"21":{"start":{"line":122,"column":40},"end":{"line":122,"column":null}},"22":{"start":{"line":123,"column":2},"end":{"line":123,"column":null}},"23":{"start":{"line":123,"column":40},"end":{"line":123,"column":null}},"24":{"start":{"line":126,"column":2},"end":{"line":126,"column":null}},"25":{"start":{"line":126,"column":40},"end":{"line":126,"column":null}},"26":{"start":{"line":127,"column":2},"end":{"line":127,"column":null}},"27":{"start":{"line":127,"column":40},"end":{"line":127,"column":null}},"28":{"start":{"line":129,"column":2},"end":{"line":129,"column":null}},"29":{"start":{"line":137,"column":26},"end":{"line":137,"column":null}},"30":{"start":{"line":139,"column":2},"end":{"line":150,"column":null}},"31":{"start":{"line":140,"column":4},"end":{"line":140,"column":null}},"32":{"start":{"line":140,"column":36},"end":{"line":140,"column":null}},"33":{"start":{"line":141,"column":4},"end":{"line":141,"column":null}},"34":{"start":{"line":141,"column":36},"end":{"line":141,"column":null}},"35":{"start":{"line":142,"column":4},"end":{"line":142,"column":null}},"36":{"start":{"line":142,"column":36},"end":{"line":142,"column":null}},"37":{"start":{"line":143,"column":4},"end":{"line":143,"column":null}},"38":{"start":{"line":143,"column":37},"end":{"line":143,"column":null}},"39":{"start":{"line":144,"column":4},"end":{"line":144,"column":null}},"40":{"start":{"line":144,"column":36},"end":{"line":144,"column":null}},"41":{"start":{"line":146,"column":4},"end":{"line":146,"column":null}},"42":{"start":{"line":146,"column":36},"end":{"line":146,"column":null}},"43":{"start":{"line":149,"column":4},"end":{"line":149,"column":null}},"44":{"start":{"line":153,"column":42},"end":{"line":161,"column":null}},"45":{"start":{"line":163,"column":16},"end":{"line":166,"column":null}},"46":{"start":{"line":165,"column":34},"end":{"line":165,"column":65}},"47":{"start":{"line":168,"column":2},"end":{"line":172,"column":null}},"48":{"start":{"line":181,"column":2},"end":{"line":187,"column":null}}},"fnMap":{"0":{"name":"checkDevTools","decl":{"start":{"line":18,"column":9},"end":{"line":18,"column":34}},"loc":{"start":{"line":18,"column":34},"end":{"line":31,"column":null}},"line":18},"1":{"name":"checkConsoleTampered","decl":{"start":{"line":37,"column":9},"end":{"line":37,"column":41}},"loc":{"start":{"line":37,"column":41},"end":{"line":45,"column":null}},"line":37},"2":{"name":"checkAutomation","decl":{"start":{"line":51,"column":9},"end":{"line":51,"column":36}},"loc":{"start":{"line":51,"column":36},"end":{"line":86,"column":null}},"line":51},"3":{"name":"(anonymous_3)","decl":{"start":{"line":83,"column":25},"end":{"line":83,"column":null}},"loc":{"start":{"line":84,"column":14},"end":{"line":84,"column":null}},"line":84},"4":{"name":"checkWebDriver","decl":{"start":{"line":92,"column":9},"end":{"line":92,"column":35}},"loc":{"start":{"line":92,"column":35},"end":{"line":94,"column":null}},"line":92},"5":{"name":"markPageLoad","decl":{"start":{"line":103,"column":16},"end":{"line":103,"column":37}},"loc":{"start":{"line":103,"column":37},"end":{"line":105,"column":null}},"line":103},"6":{"name":"checkTimeConsistency","decl":{"start":{"line":107,"column":9},"end":{"line":107,"column":41}},"loc":{"start":{"line":107,"column":41},"end":{"line":112,"column":null}},"line":107},"7":{"name":"checkUserAgentConsistency","decl":{"start":{"line":118,"column":9},"end":{"line":118,"column":46}},"loc":{"start":{"line":118,"column":46},"end":{"line":130,"column":null}},"line":118},"8":{"name":"runIntegrityCheck","decl":{"start":{"line":136,"column":16},"end":{"line":136,"column":53}},"loc":{"start":{"line":136,"column":53},"end":{"line":173,"column":null}},"line":136},"9":{"name":"(anonymous_9)","decl":{"start":{"line":165,"column":10},"end":{"line":165,"column":18}},"loc":{"start":{"line":165,"column":34},"end":{"line":165,"column":65}},"line":165},"10":{"name":"encodeIntegrityReport","decl":{"start":{"line":180,"column":16},"end":{"line":180,"column":38}},"loc":{"start":{"line":180,"column":71},"end":{"line":188,"column":null}},"line":180}},"branchMap":{"0":{"loc":{"start":{"line":25,"column":4},"end":{"line":26,"column":null}},"type":"binary-expr","locations":[{"start":{"line":25,"column":4},"end":{"line":25,"column":null}},{"start":{"line":26,"column":4},"end":{"line":26,"column":null}}],"line":25},"1":{"loc":{"start":{"line":30,"column":2},"end":{"line":30,"column":null}},"type":"binary-expr","locations":[{"start":{"line":30,"column":10},"end":{"line":30,"column":28}},{"start":{"line":30,"column":28},"end":{"line":30,"column":48}},{"start":{"line":30,"column":48},"end":{"line":30,"column":null}}],"line":30},"2":{"loc":{"start":{"line":108,"column":2},"end":{"line":108,"column":null}},"type":"if","locations":[{"start":{"line":108,"column":2},"end":{"line":108,"column":null}},{"start":{},"end":{}}],"line":108},"3":{"loc":{"start":{"line":122,"column":2},"end":{"line":122,"column":null}},"type":"if","locations":[{"start":{"line":122,"column":2},"end":{"line":122,"column":null}},{"start":{},"end":{}}],"line":122},"4":{"loc":{"start":{"line":123,"column":2},"end":{"line":123,"column":null}},"type":"if","locations":[{"start":{"line":123,"column":2},"end":{"line":123,"column":null}},{"start":{},"end":{}}],"line":123},"5":{"loc":{"start":{"line":126,"column":2},"end":{"line":126,"column":null}},"type":"if","locations":[{"start":{"line":126,"column":2},"end":{"line":126,"column":null}},{"start":{},"end":{}}],"line":126},"6":{"loc":{"start":{"line":127,"column":2},"end":{"line":127,"column":null}},"type":"if","locations":[{"start":{"line":127,"column":2},"end":{"line":127,"column":null}},{"start":{},"end":{}}],"line":127},"7":{"loc":{"start":{"line":140,"column":4},"end":{"line":140,"column":null}},"type":"if","locations":[{"start":{"line":140,"column":4},"end":{"line":140,"column":null}},{"start":{},"end":{}}],"line":140},"8":{"loc":{"start":{"line":141,"column":4},"end":{"line":141,"column":null}},"type":"if","locations":[{"start":{"line":141,"column":4},"end":{"line":141,"column":null}},{"start":{},"end":{}}],"line":141},"9":{"loc":{"start":{"line":142,"column":4},"end":{"line":142,"column":null}},"type":"if","locations":[{"start":{"line":142,"column":4},"end":{"line":142,"column":null}},{"start":{},"end":{}}],"line":142},"10":{"loc":{"start":{"line":143,"column":4},"end":{"line":143,"column":null}},"type":"if","locations":[{"start":{"line":143,"column":4},"end":{"line":143,"column":null}},{"start":{},"end":{}}],"line":143},"11":{"loc":{"start":{"line":144,"column":4},"end":{"line":144,"column":null}},"type":"if","locations":[{"start":{"line":144,"column":4},"end":{"line":144,"column":null}},{"start":{},"end":{}}],"line":144},"12":{"loc":{"start":{"line":146,"column":4},"end":{"line":146,"column":null}},"type":"if","locations":[{"start":{"line":146,"column":4},"end":{"line":146,"column":null}},{"start":{},"end":{}}],"line":146},"13":{"loc":{"start":{"line":165,"column":43},"end":{"line":165,"column":65}},"type":"binary-expr","locations":[{"start":{"line":165,"column":43},"end":{"line":165,"column":60}},{"start":{"line":165,"column":60},"end":{"line":165,"column":65}}],"line":165},"14":{"loc":{"start":{"line":183,"column":9},"end":{"line":183,"column":null}},"type":"cond-expr","locations":[{"start":{"line":183,"column":25},"end":{"line":183,"column":29}},{"start":{"line":183,"column":29},"end":{"line":183,"column":null}}],"line":183}},"s":{"0":4,"1":4,"2":4,"3":4,"4":4,"5":4,"6":4,"7":0,"8":4,"9":4,"10":4,"11":104,"12":4,"13":1,"14":1,"15":4,"16":3,"17":1,"18":1,"19":4,"20":4,"21":0,"22":4,"23":0,"24":4,"25":0,"26":4,"27":0,"28":4,"29":4,"30":4,"31":4,"32":0,"33":4,"34":0,"35":4,"36":0,"37":4,"38":0,"39":4,"40":1,"41":4,"42":0,"43":0,"44":4,"45":4,"46":1,"47":4,"48":1},"f":{"0":4,"1":4,"2":4,"3":104,"4":4,"5":1,"6":4,"7":4,"8":4,"9":1,"10":1},"b":{"0":[4,4],"1":[4,4,0],"2":[3,1],"3":[0,4],"4":[0,4],"5":[0,4],"6":[0,4],"7":[0,4],"8":[0,4],"9":[0,4],"10":[0,4],"11":[1,3],"12":[0,4],"13":[1,0],"14":[1,0]},"meta":{"lastBranch":15,"lastFunction":11,"lastStatement":49,"seen":{"f:18:9:18:34":0,"s:20:26:20:Infinity":0,"s:21:26:21:Infinity":1,"s:25:4:26:Infinity":2,"b:25:4:25:Infinity:26:4:26:Infinity":0,"s:30:2:30:Infinity":3,"b:30:10:30:28:30:28:30:48:30:48:30:Infinity":1,"f:37:9:37:41":1,"s:38:2:44:Infinity":4,"s:40:23:40:Infinity":5,"s:41:4:41:Infinity":6,"s:43:4:43:Infinity":7,"f:51:9:51:36":2,"s:52:14:52:Infinity":8,"s:54:26:81:Infinity":9,"s:83:2:85:Infinity":10,"f:83:25:83:Infinity":3,"s:84:14:84:Infinity":11,"f:92:9:92:35":4,"s:93:2:93:Infinity":12,"s:101:19:101:Infinity":13,"f:103:16:103:37":5,"s:104:2:104:Infinity":14,"f:107:9:107:41":6,"b:108:2:108:Infinity:undefined:undefined:undefined:undefined":2,"s:108:2:108:Infinity":15,"s:108:26:108:Infinity":16,"s:109:18:109:Infinity":17,"s:111:2:111:Infinity":18,"f:118:9:118:46":7,"s:119:13:119:Infinity":19,"b:122:2:122:Infinity:undefined:undefined:undefined:undefined":3,"s:122:2:122:Infinity":20,"s:122:40:122:Infinity":21,"b:123:2:123:Infinity:undefined:undefined:undefined:undefined":4,"s:123:2:123:Infinity":22,"s:123:40:123:Infinity":23,"b:126:2:126:Infinity:undefined:undefined:undefined:undefined":5,"s:126:2:126:Infinity":24,"s:126:40:126:Infinity":25,"b:127:2:127:Infinity:undefined:undefined:undefined:undefined":6,"s:127:2:127:Infinity":26,"s:127:40:127:Infinity":27,"s:129:2:129:Infinity":28,"f:136:16:136:53":8,"s:137:26:137:Infinity":29,"s:139:2:150:Infinity":30,"b:140:4:140:Infinity:undefined:undefined:undefined:undefined":7,"s:140:4:140:Infinity":31,"s:140:36:140:Infinity":32,"b:141:4:141:Infinity:undefined:undefined:undefined:undefined":8,"s:141:4:141:Infinity":33,"s:141:36:141:Infinity":34,"b:142:4:142:Infinity:undefined:undefined:undefined:undefined":9,"s:142:4:142:Infinity":35,"s:142:36:142:Infinity":36,"b:143:4:143:Infinity:undefined:undefined:undefined:undefined":10,"s:143:4:143:Infinity":37,"s:143:37:143:Infinity":38,"b:144:4:144:Infinity:undefined:undefined:undefined:undefined":11,"s:144:4:144:Infinity":39,"s:144:36:144:Infinity":40,"b:146:4:146:Infinity:undefined:undefined:undefined:undefined":12,"s:146:4:146:Infinity":41,"s:146:36:146:Infinity":42,"s:149:4:149:Infinity":43,"s:153:42:161:Infinity":44,"s:163:16:166:Infinity":45,"f:165:10:165:18":9,"s:165:34:165:65":46,"b:165:43:165:60:165:60:165:65":13,"s:168:2:172:Infinity":47,"f:180:16:180:38":10,"s:181:2:187:Infinity":48,"b:183:25:183:29:183:29:183:Infinity":14}}}
,"/home/dev_mode/dev/projects/undercity/frontend/src/utils/toast.ts": {"path":"/home/dev_mode/dev/projects/undercity/frontend/src/utils/toast.ts","statementMap":{"0":{"start":{"line":19,"column":32},"end":{"line":19,"column":null}},"1":{"start":{"line":20,"column":42},"end":{"line":20,"column":null}},"2":{"start":{"line":23,"column":4},"end":{"line":23,"column":null}},"3":{"start":{"line":24,"column":4},"end":{"line":24,"column":null}},"4":{"start":{"line":25,"column":4},"end":{"line":27,"column":null}},"5":{"start":{"line":26,"column":6},"end":{"line":26,"column":null}},"6":{"start":{"line":31,"column":4},"end":{"line":31,"column":null}},"7":{"start":{"line":31,"column":41},"end":{"line":31,"column":67}},"8":{"start":{"line":35,"column":15},"end":{"line":35,"column":null}},"9":{"start":{"line":36,"column":4},"end":{"line":36,"column":null}},"10":{"start":{"line":37,"column":4},"end":{"line":37,"column":null}},"11":{"start":{"line":39,"column":4},"end":{"line":41,"column":null}},"12":{"start":{"line":40,"column":6},"end":{"line":40,"column":null}},"13":{"start":{"line":40,"column":23},"end":{"line":40,"column":41}},"14":{"start":{"line":43,"column":4},"end":{"line":43,"column":null}},"15":{"start":{"line":47,"column":4},"end":{"line":47,"column":null}},"16":{"start":{"line":47,"column":44},"end":{"line":47,"column":55}},"17":{"start":{"line":48,"column":4},"end":{"line":48,"column":null}},"18":{"start":{"line":52,"column":16},"end":{"line":52,"column":null}},"19":{"start":{"line":54,"column":33},"end":{"line":54,"column":null}},"20":{"start":{"line":57,"column":2},"end":{"line":57,"column":null}},"21":{"start":{"line":60,"column":21},"end":{"line":70,"column":null}},"22":{"start":{"line":62,"column":4},"end":{"line":62,"column":null}},"23":{"start":{"line":64,"column":4},"end":{"line":64,"column":null}},"24":{"start":{"line":66,"column":4},"end":{"line":66,"column":null}},"25":{"start":{"line":68,"column":4},"end":{"line":68,"column":null}},"26":{"start":{"line":69,"column":27},"end":{"line":69,"column":null}},"27":{"start":{"line":81,"column":2},"end":{"line":83,"column":null}},"28":{"start":{"line":82,"column":4},"end":{"line":82,"column":null}},"29":{"start":{"line":86,"column":4},"end":{"line":88,"column":null}},"30":{"start":{"line":90,"column":2},"end":{"line":90,"column":null}},"31":{"start":{"line":94,"column":2},"end":{"line":94,"column":null}}},"fnMap":{"0":{"name":"subscribe","decl":{"start":{"line":22,"column":2},"end":{"line":22,"column":12}},"loc":{"start":{"line":22,"column":49},"end":{"line":28,"column":null}},"line":22},"1":{"name":"(anonymous_1)","decl":{"start":{"line":25,"column":4},"end":{"line":25,"column":17}},"loc":{"start":{"line":25,"column":17},"end":{"line":27,"column":null}},"line":25},"2":{"name":"notify","decl":{"start":{"line":30,"column":2},"end":{"line":30,"column":10}},"loc":{"start":{"line":30,"column":19},"end":{"line":32,"column":null}},"line":30},"3":{"name":"(anonymous_3)","decl":{"start":{"line":31,"column":19},"end":{"line":31,"column":28}},"loc":{"start":{"line":31,"column":41},"end":{"line":31,"column":67}},"line":31},"4":{"name":"show","decl":{"start":{"line":34,"column":2},"end":{"line":34,"column":7}},"loc":{"start":{"line":34,"column":66},"end":{"line":44,"column":null}},"line":34},"5":{"name":"(anonymous_5)","decl":{"start":{"line":40,"column":6},"end":{"line":40,"column":23}},"loc":{"start":{"line":40,"column":23},"end":{"line":40,"column":41}},"line":40},"6":{"name":"dismiss","decl":{"start":{"line":46,"column":2},"end":{"line":46,"column":10}},"loc":{"start":{"line":46,"column":22},"end":{"line":49,"column":null}},"line":46},"7":{"name":"(anonymous_7)","decl":{"start":{"line":47,"column":30},"end":{"line":47,"column":38}},"loc":{"start":{"line":47,"column":44},"end":{"line":47,"column":55}},"line":47},"8":{"name":"isToastType","decl":{"start":{"line":56,"column":9},"end":{"line":56,"column":21}},"loc":{"start":{"line":56,"column":56},"end":{"line":58,"column":null}},"line":56},"9":{"name":"(anonymous_9)","decl":{"start":{"line":61,"column":2},"end":{"line":61,"column":12}},"loc":{"start":{"line":62,"column":4},"end":{"line":62,"column":null}},"line":62},"10":{"name":"(anonymous_10)","decl":{"start":{"line":63,"column":2},"end":{"line":63,"column":10}},"loc":{"start":{"line":64,"column":4},"end":{"line":64,"column":null}},"line":64},"11":{"name":"(anonymous_11)","decl":{"start":{"line":65,"column":2},"end":{"line":65,"column":12}},"loc":{"start":{"line":66,"column":4},"end":{"line":66,"column":null}},"line":66},"12":{"name":"(anonymous_12)","decl":{"start":{"line":67,"column":2},"end":{"line":67,"column":9}},"loc":{"start":{"line":68,"column":4},"end":{"line":68,"column":null}},"line":68},"13":{"name":"(anonymous_13)","decl":{"start":{"line":69,"column":2},"end":{"line":69,"column":12}},"loc":{"start":{"line":69,"column":27},"end":{"line":69,"column":null}},"line":69},"14":{"name":"showToast","decl":{"start":{"line":76,"column":16},"end":{"line":76,"column":null}},"loc":{"start":{"line":80,"column":10},"end":{"line":91,"column":null}},"line":80},"15":{"name":"dismissToast","decl":{"start":{"line":93,"column":16},"end":{"line":93,"column":29}},"loc":{"start":{"line":93,"column":41},"end":{"line":95,"column":null}},"line":93}},"branchMap":{"0":{"loc":{"start":{"line":34,"column":41},"end":{"line":34,"column":66}},"type":"default-arg","locations":[{"start":{"line":34,"column":52},"end":{"line":34,"column":66}}],"line":34},"1":{"loc":{"start":{"line":39,"column":4},"end":{"line":41,"column":null}},"type":"if","locations":[{"start":{"line":39,"column":4},"end":{"line":41,"column":null}},{"start":{},"end":{}}],"line":39},"2":{"loc":{"start":{"line":79,"column":2},"end":{"line":79,"column":null}},"type":"default-arg","locations":[{"start":{"line":79,"column":13},"end":{"line":79,"column":null}}],"line":79},"3":{"loc":{"start":{"line":81,"column":2},"end":{"line":83,"column":null}},"type":"if","locations":[{"start":{"line":81,"column":2},"end":{"line":83,"column":null}},{"start":{},"end":{}}],"line":81},"4":{"loc":{"start":{"line":81,"column":6},"end":{"line":81,"column":79}},"type":"binary-expr","locations":[{"start":{"line":81,"column":6},"end":{"line":81,"column":44}},{"start":{"line":81,"column":44},"end":{"line":81,"column":79}}],"line":81},"5":{"loc":{"start":{"line":86,"column":4},"end":{"line":88,"column":null}},"type":"cond-expr","locations":[{"start":{"line":87,"column":8},"end":{"line":87,"column":null}},{"start":{"line":88,"column":8},"end":{"line":88,"column":null}}],"line":86},"6":{"loc":{"start":{"line":86,"column":4},"end":{"line":86,"column":null}},"type":"binary-expr","locations":[{"start":{"line":86,"column":4},"end":{"line":86,"column":41}},{"start":{"line":86,"column":41},"end":{"line":86,"column":null}}],"line":86}},"s":{"0":1,"1":1,"2":16,"3":16,"4":16,"5":16,"6":36,"7":15,"8":18,"9":18,"10":18,"11":18,"12":2,"13":1,"14":18,"15":18,"16":19,"17":18,"18":1,"19":1,"20":5,"21":1,"22":3,"23":1,"24":1,"25":1,"26":1,"27":4,"28":2,"29":2,"30":4,"31":1},"f":{"0":16,"1":16,"2":36,"3":15,"4":18,"5":1,"6":18,"7":19,"8":5,"9":3,"10":1,"11":1,"12":1,"13":1,"14":4,"15":1},"b":{"0":[18],"1":[2,16],"2":[4],"3":[2,2],"4":[4,2],"5":[1,1],"6":[2,1]},"meta":{"lastBranch":7,"lastFunction":16,"lastStatement":32,"seen":{"s:19:32:19:Infinity":0,"s:20:42:20:Infinity":1,"f:22:2:22:12":0,"s:23:4:23:Infinity":2,"s:24:4:24:Infinity":3,"s:25:4:27:Infinity":4,"f:25:4:25:17":1,"s:26:6:26:Infinity":5,"f:30:2:30:10":2,"s:31:4:31:Infinity":6,"f:31:19:31:28":3,"s:31:41:31:67":7,"f:34:2:34:7":4,"b:34:52:34:66":0,"s:35:15:35:Infinity":8,"s:36:4:36:Infinity":9,"s:37:4:37:Infinity":10,"b:39:4:41:Infinity:undefined:undefined:undefined:undefined":1,"s:39:4:41:Infinity":11,"s:40:6:40:Infinity":12,"f:40:6:40:23":5,"s:40:23:40:41":13,"s:43:4:43:Infinity":14,"f:46:2:46:10":6,"s:47:4:47:Infinity":15,"f:47:30:47:38":7,"s:47:44:47:55":16,"s:48:4:48:Infinity":17,"s:52:16:52:Infinity":18,"s:54:33:54:Infinity":19,"f:56:9:56:21":8,"s:57:2:57:Infinity":20,"s:60:21:70:Infinity":21,"f:61:2:61:12":9,"s:62:4:62:Infinity":22,"f:63:2:63:10":10,"s:64:4:64:Infinity":23,"f:65:2:65:12":11,"s:66:4:66:Infinity":24,"f:67:2:67:9":12,"s:68:4:68:Infinity":25,"f:69:2:69:12":13,"s:69:27:69:Infinity":26,"f:76:16:76:Infinity":14,"b:79:13:79:Infinity":2,"b:81:2:83:Infinity:undefined:undefined:undefined:undefined":3,"s:81:2:83:Infinity":27,"b:81:6:81:44:81:44:81:79":4,"s:82:4:82:Infinity":28,"s:86:4:88:Infinity":29,"b:87:8:87:Infinity:88:8:88:Infinity":5,"b:86:4:86:41:86:41:86:Infinity":6,"s:90:2:90:Infinity":30,"f:93:16:93:29":15,"s:94:2:94:Infinity":31}}}
,"/home/dev_mode/dev/projects/undercity/frontend/src/utils/userEvents.ts": {"path":"/home/dev_mode/dev/projects/undercity/frontend/src/utils/userEvents.ts","statementMap":{"0":{"start":{"line":20,"column":37},"end":{"line":20,"column":null}},"1":{"start":{"line":23,"column":4},"end":{"line":23,"column":null}},"2":{"start":{"line":24,"column":4},"end":{"line":26,"column":null}},"3":{"start":{"line":25,"column":6},"end":{"line":25,"column":null}},"4":{"start":{"line":30,"column":4},"end":{"line":30,"column":null}},"5":{"start":{"line":30,"column":41},"end":{"line":30,"column":56}},"6":{"start":{"line":34,"column":26},"end":{"line":34,"column":null}}},"fnMap":{"0":{"name":"subscribe","decl":{"start":{"line":22,"column":2},"end":{"line":22,"column":12}},"loc":{"start":{"line":22,"column":44},"end":{"line":27,"column":null}},"line":22},"1":{"name":"(anonymous_1)","decl":{"start":{"line":24,"column":4},"end":{"line":24,"column":17}},"loc":{"start":{"line":24,"column":17},"end":{"line":26,"column":null}},"line":24},"2":{"name":"emit","decl":{"start":{"line":29,"column":2},"end":{"line":29,"column":7}},"loc":{"start":{"line":29,"column":31},"end":{"line":31,"column":null}},"line":29},"3":{"name":"(anonymous_3)","decl":{"start":{"line":30,"column":19},"end":{"line":30,"column":28}},"loc":{"start":{"line":30,"column":41},"end":{"line":30,"column":56}},"line":30}},"branchMap":{},"s":{"0":1,"1":9,"2":9,"3":2,"4":8,"5":9,"6":1},"f":{"0":9,"1":2,"2":8,"3":9},"b":{},"meta":{"lastBranch":0,"lastFunction":4,"lastStatement":7,"seen":{"s:20:37:20:Infinity":0,"f:22:2:22:12":0,"s:23:4:23:Infinity":1,"s:24:4:26:Infinity":2,"f:24:4:24:17":1,"s:25:6:25:Infinity":3,"f:29:2:29:7":2,"s:30:4:30:Infinity":4,"f:30:19:30:28":3,"s:30:41:30:56":5,"s:34:26:34:Infinity":6}}}
}
